<?xml version="1.0" encoding="UTF-8"?>
<Site BuildName="Linux-c++"
	BuildStamp="20221202-1051-Experimental"
	Name="localhost.localdomain"
	Generator="ctest-3.19.7"
	CompilerName="/usr/bin/c++"
	CompilerVersion="10.3.1"
	OSName="Linux"
	Hostname="localhost.localdomain"
	OSRelease="5.14.18-100.fc33.x86_64"
	OSVersion="#1 SMP Fri Nov 12 17:38:44 UTC 2021"
	OSPlatform="x86_64"
	Is64Bits="1"
	VendorString="GenuineIntel"
	VendorID="Intel Corporation"
	FamilyID="6"
	ModelID="158"
	ProcessorCacheSize="8192"
	NumberOfLogicalCPU="8"
	NumberOfPhysicalCPU="4"
	TotalVirtualMemory="4095"
	TotalPhysicalMemory="15947"
	LogicalProcessorsPerPhysical="2"
	ProcessorClockFrequency="4400.02"
	>
	<Testing>
		<StartDateTime>Dec 02 11:51 CET</StartDateTime>
		<StartTestTime>1669978294</StartTestTime>
		<TestList/>
		<EndDateTime>Dec 02 11:51 CET</EndDateTime>
		<EndTestTime>1669978294</EndTestTime>
		<ElapsedMinutes>0</ElapsedMinutes>
	</Testing>
</Site>
